<?xml version="1.0" encoding="UTF-8"?>
<testng-results ignored="0" total="1" passed="1" failed="0" skipped="0">
  <reporter-output>
  </reporter-output>
  <suite started-at="2023-01-14T23:28:50 IST" name="Default suite" finished-at="2023-01-14T23:29:30 IST" duration-ms="40273">
    <groups>
    </groups>
    <test started-at="2023-01-14T23:28:50 IST" name="Default test" finished-at="2023-01-14T23:29:30 IST" duration-ms="40273">
      <class name="convosight.My_Project.CMC_login_test">
        <test-method is-config="true" signature="open_browser()[pri:0, instance:convosight.My_Project.CMC_login_test@43195e57]" started-at="2023-01-14T23:28:50 IST" name="open_browser" finished-at="2023-01-14T23:29:05 IST" duration-ms="15330" status="PASS">
          <reporter-output>
          </reporter-output>
        </test-method> <!-- open_browser -->
        <test-method is-config="true" signature="login_to_CMC()[pri:0, instance:convosight.My_Project.CMC_login_test@43195e57]" started-at="2023-01-14T23:29:05 IST" name="login_to_CMC" finished-at="2023-01-14T23:29:20 IST" duration-ms="14537" status="PASS">
          <reporter-output>
          </reporter-output>
        </test-method> <!-- login_to_CMC -->
        <test-method signature="verify_CMC_login()[pri:0, instance:convosight.My_Project.CMC_login_test@43195e57]" started-at="2023-01-14T23:29:20 IST" name="verify_CMC_login" finished-at="2023-01-14T23:29:20 IST" duration-ms="47" status="PASS">
          <reporter-output>
          </reporter-output>
        </test-method> <!-- verify_CMC_login -->
        <test-method is-config="true" signature="logout_CMC()[pri:0, instance:convosight.My_Project.CMC_login_test@43195e57]" started-at="2023-01-14T23:29:20 IST" name="logout_CMC" finished-at="2023-01-14T23:29:20 IST" duration-ms="149" status="PASS">
          <reporter-output>
          </reporter-output>
        </test-method> <!-- logout_CMC -->
        <test-method is-config="true" signature="close_browser()[pri:0, instance:convosight.My_Project.CMC_login_test@43195e57]" started-at="2023-01-14T23:29:20 IST" name="close_browser" finished-at="2023-01-14T23:29:30 IST" duration-ms="10165" status="PASS">
          <reporter-output>
          </reporter-output>
        </test-method> <!-- close_browser -->
      </class> <!-- convosight.My_Project.CMC_login_test -->
    </test> <!-- Default test -->
  </suite> <!-- Default suite -->
</testng-results>
